2010/12/02 12:32:26 [error] [system.db.CDbCommand] Error in querying SQL: SHOW COLUMNS FROM `lectures`
in /home/ori/www/eumk/yii/framework/gii/generators/model/ModelCode.php (139)
in /home/ori/www/eumk/yii/framework/gii/generators/model/ModelCode.php (115)
in /home/ori/www/eumk/yii/framework/gii/CCodeGenerator.php (155)
2010/12/02 12:32:45 [error] [system.db.CDbCommand] Error in querying SQL: SHOW COLUMNS FROM `db1_user`
in /home/ori/www/eumk/yii/framework/gii/generators/model/ModelCode.php (139)
in /home/ori/www/eumk/yii/framework/gii/generators/model/ModelCode.php (115)
in /home/ori/www/eumk/yii/framework/gii/CCodeGenerator.php (155)
2010/12/02 12:32:49 [error] [system.db.CDbCommand] Error in querying SQL: SHOW COLUMNS FROM `user`
in /home/ori/www/eumk/yii/framework/gii/generators/model/ModelCode.php (139)
in /home/ori/www/eumk/yii/framework/gii/generators/model/ModelCode.php (115)
in /home/ori/www/eumk/yii/framework/gii/CCodeGenerator.php (155)
2010/12/02 12:32:55 [error] [system.db.CDbCommand] Error in querying SQL: SHOW COLUMNS FROM `users`
in /home/ori/www/eumk/yii/framework/gii/generators/model/ModelCode.php (139)
in /home/ori/www/eumk/yii/framework/gii/generators/model/ModelCode.php (115)
in /home/ori/www/eumk/yii/framework/gii/CCodeGenerator.php (155)
2010/12/02 12:33:01 [error] [system.db.CDbCommand] Error in querying SQL: SHOW COLUMNS FROM `db1_users`
in /home/ori/www/eumk/yii/framework/gii/generators/model/ModelCode.php (139)
in /home/ori/www/eumk/yii/framework/gii/generators/model/ModelCode.php (115)
in /home/ori/www/eumk/yii/framework/gii/CCodeGenerator.php (155)
2010/12/02 12:34:19 [error] [system.db.CDbCommand] Error in querying SQL: SHOW COLUMNS FROM `user`
in /home/ori/www/eumk/yii/framework/gii/generators/model/ModelCode.php (139)
in /home/ori/www/eumk/yii/framework/gii/generators/model/ModelCode.php (115)
in /home/ori/www/eumk/yii/framework/gii/CCodeGenerator.php (155)
2010/12/02 12:34:22 [error] [system.db.CDbCommand] Error in querying SQL: SHOW COLUMNS FROM `users`
in /home/ori/www/eumk/yii/framework/gii/generators/model/ModelCode.php (139)
in /home/ori/www/eumk/yii/framework/gii/generators/model/ModelCode.php (115)
in /home/ori/www/eumk/yii/framework/gii/CCodeGenerator.php (155)
2010/12/02 12:35:00 [error] [system.db.CDbCommand] Error in querying SQL: SHOW COLUMNS FROM `db1_user`
in /home/ori/www/eumk/yii/framework/gii/generators/model/ModelCode.php (139)
in /home/ori/www/eumk/yii/framework/gii/generators/model/ModelCode.php (115)
in /home/ori/www/eumk/yii/framework/gii/CCodeGenerator.php (155)
2010/12/02 12:35:29 [error] [system.db.CDbCommand] Error in querying SQL: SHOW COLUMNS FROM `db1_user`
in /home/ori/www/eumk/yii/framework/gii/generators/model/ModelCode.php (139)
in /home/ori/www/eumk/yii/framework/gii/generators/model/ModelCode.php (115)
in /home/ori/www/eumk/yii/framework/gii/CCodeGenerator.php (155)
2010/12/02 12:35:31 [error] [system.db.CDbCommand] Error in querying SQL: SHOW COLUMNS FROM `db1_user`
in /home/ori/www/eumk/yii/framework/gii/generators/model/ModelCode.php (139)
in /home/ori/www/eumk/yii/framework/gii/generators/model/ModelCode.php (115)
in /home/ori/www/eumk/yii/framework/gii/CCodeGenerator.php (155)
2010/12/02 12:35:37 [error] [system.db.CDbCommand] Error in querying SQL: SHOW COLUMNS FROM `user`
in /home/ori/www/eumk/yii/framework/gii/generators/model/ModelCode.php (139)
in /home/ori/www/eumk/yii/framework/gii/generators/model/ModelCode.php (115)
in /home/ori/www/eumk/yii/framework/gii/CCodeGenerator.php (155)
2010/12/02 12:35:38 [error] [system.db.CDbCommand] Error in querying SQL: SHOW COLUMNS FROM `user`
in /home/ori/www/eumk/yii/framework/gii/generators/model/ModelCode.php (139)
in /home/ori/www/eumk/yii/framework/gii/generators/model/ModelCode.php (115)
in /home/ori/www/eumk/yii/framework/gii/CCodeGenerator.php (155)
2010/12/02 12:35:38 [error] [system.db.CDbCommand] Error in querying SQL: SHOW COLUMNS FROM `user`
in /home/ori/www/eumk/yii/framework/gii/generators/model/ModelCode.php (139)
in /home/ori/www/eumk/yii/framework/gii/generators/model/ModelCode.php (115)
in /home/ori/www/eumk/yii/framework/gii/CCodeGenerator.php (155)
2010/12/02 12:35:38 [error] [system.db.CDbCommand] Error in querying SQL: SHOW COLUMNS FROM `user`
in /home/ori/www/eumk/yii/framework/gii/generators/model/ModelCode.php (139)
in /home/ori/www/eumk/yii/framework/gii/generators/model/ModelCode.php (115)
in /home/ori/www/eumk/yii/framework/gii/CCodeGenerator.php (155)
2010/12/02 15:40:59 [error] [exception.CHttpException.404] exception 'CHttpException' with message 'Unable to resolve the request "articles".' in /home/ori/www/eumk/yii/framework/web/CWebApplication.php:328
Stack trace:
#0 /home/ori/www/eumk/yii/framework/web/CWebApplication.php(121): CWebApplication->runController('articles')
#1 /home/ori/www/eumk/yii/framework/base/CApplication.php(135): CWebApplication->processRequest()
#2 /home/ori/www/eumk/htdocs/index.php(13): CApplication->run()
#3 {main} REQUEST_URI=/index.php?r=articles
2010/12/02 15:42:09 [error] [system.db.CDbCommand] Error in executing SQL: INSERT INTO `db1_article` (`content_id`, `title`, `text`) VALUES (:yp0, :yp1, :yp2)
in /home/ori/www/eumk/htdocs/protected/controllers/ArticleController.php (72)
in /home/ori/www/eumk/htdocs/index.php (13)
2010/12/02 15:42:09 [error] [exception.CDbException] exception 'CDbException' with message 'CDbCommand failed to execute the SQL statement: SQLSTATE[23000]: Integrity constraint violation: 1452 Cannot add or update a child row: a foreign key constraint fails (`eumk`.`db1_article`, CONSTRAINT `FK_content_id` FOREIGN KEY (`content_id`) REFERENCES `db1_contents` (`id`))' in /home/ori/www/eumk/yii/framework/db/CDbCommand.php:256
Stack trace:
#0 /home/ori/www/eumk/yii/framework/db/ar/CActiveRecord.php(1000): CDbCommand->execute()
#1 /home/ori/www/eumk/yii/framework/db/ar/CActiveRecord.php(764): CActiveRecord->insert(NULL)
#2 /home/ori/www/eumk/htdocs/protected/controllers/ArticleController.php(72): CActiveRecord->save()
#3 /home/ori/www/eumk/yii/framework/web/actions/CInlineAction.php(57): ArticleController->actionCreate()
#4 /home/ori/www/eumk/yii/framework/web/CController.php(300): CInlineAction->run()
#5 /home/ori/www/eumk/yii/framework/web/filters/CFilterChain.php(133): CController->runAction(Object(CInlineAction))
#6 /home/ori/www/eumk/yii/framework/web/filters/CFilter.php(41): CFilterChain->run()
#7 /home/ori/www/eumk/yii/framework/web/CController.php(1084): CFilter->filter(Object(CFilterChain))
#8 /home/ori/www/eumk/yii/framework/web/filters/CInlineFilter.php(59): CController->filterAccessControl(Object(CFilterChain))
#9 /home/ori/www/eumk/yii/framework/web/filters/CFilterChain.php(130): CInlineFilter->filter(Object(CFilterChain))
#10 /home/ori/www/eumk/yii/framework/web/CController.php(283): CFilterChain->run()
#11 /home/ori/www/eumk/yii/framework/web/CController.php(257): CController->runActionWithFilters(Object(CInlineAction), Array)
#12 /home/ori/www/eumk/yii/framework/web/CWebApplication.php(324): CController->run('create')
#13 /home/ori/www/eumk/yii/framework/web/CWebApplication.php(121): CWebApplication->runController('article/create')
#14 /home/ori/www/eumk/yii/framework/base/CApplication.php(135): CWebApplication->processRequest()
#15 /home/ori/www/eumk/htdocs/index.php(13): CApplication->run()
#16 {main} REQUEST_URI=/index.php?r=article/create
2010/12/02 16:01:09 [error] [php] include(User.php): failed to open stream: No such file or directory (/home/ori/www/eumk/yii/framework/YiiBase.php:395)
Stack trace:
#0 /home/ori/www/eumk/htdocs/protected/components/UserIdentity.php(16): spl_autoload_call()
#1 /home/ori/www/eumk/htdocs/protected/models/LoginForm.php(52): UserIdentity->authenticate()
#2 /home/ori/www/eumk/yii/framework/validators/CInlineValidator.php(39): LoginForm->authenticate()
#3 /home/ori/www/eumk/yii/framework/validators/CValidator.php(184): CInlineValidator->validateAttribute()
#4 /home/ori/www/eumk/yii/framework/base/CModel.php(150): CInlineValidator->validate()
#5 /home/ori/www/eumk/htdocs/protected/controllers/SiteController.php(88): LoginForm->validate()
#6 /home/ori/www/eumk/yii/framework/web/actions/CInlineAction.php(57): SiteController->actionLogin()
#7 /home/ori/www/eumk/yii/framework/web/CController.php(300): CInlineAction->run()
#8 /home/ori/www/eumk/yii/framework/web/CController.php(278): SiteController->runAction()
#9 /home/ori/www/eumk/yii/framework/web/CController.php(257): SiteController->runActionWithFilters()
#10 /home/ori/www/eumk/yii/framework/web/CWebApplication.php(324): SiteController->run()
#11 /home/ori/www/eumk/yii/framework/web/CWebApplication.php(121): CWebApplication->runController()
#12 /home/ori/www/eumk/yii/framework/base/CApplication.php(135): CWebApplication->processRequest()
#13 /home/ori/www/eumk/htdocs/index.php(13): CWebApplication->run()
REQUEST_URI=/index.php?r=site/login
in /home/ori/www/eumk/htdocs/protected/components/UserIdentity.php (16)
in /home/ori/www/eumk/htdocs/protected/models/LoginForm.php (52)
in /home/ori/www/eumk/htdocs/protected/controllers/SiteController.php (88)
2010/12/02 16:01:35 [error] [php] include(User.php): failed to open stream: No such file or directory (/home/ori/www/eumk/yii/framework/YiiBase.php:395)
Stack trace:
#0 /home/ori/www/eumk/htdocs/protected/components/UserIdentity.php(16): spl_autoload_call()
#1 /home/ori/www/eumk/htdocs/protected/models/LoginForm.php(52): UserIdentity->authenticate()
#2 /home/ori/www/eumk/yii/framework/validators/CInlineValidator.php(39): LoginForm->authenticate()
#3 /home/ori/www/eumk/yii/framework/validators/CValidator.php(184): CInlineValidator->validateAttribute()
#4 /home/ori/www/eumk/yii/framework/base/CModel.php(150): CInlineValidator->validate()
#5 /home/ori/www/eumk/htdocs/protected/controllers/SiteController.php(88): LoginForm->validate()
#6 /home/ori/www/eumk/yii/framework/web/actions/CInlineAction.php(57): SiteController->actionLogin()
#7 /home/ori/www/eumk/yii/framework/web/CController.php(300): CInlineAction->run()
#8 /home/ori/www/eumk/yii/framework/web/CController.php(278): SiteController->runAction()
#9 /home/ori/www/eumk/yii/framework/web/CController.php(257): SiteController->runActionWithFilters()
#10 /home/ori/www/eumk/yii/framework/web/CWebApplication.php(324): SiteController->run()
#11 /home/ori/www/eumk/yii/framework/web/CWebApplication.php(121): CWebApplication->runController()
#12 /home/ori/www/eumk/yii/framework/base/CApplication.php(135): CWebApplication->processRequest()
#13 /home/ori/www/eumk/htdocs/index.php(13): CWebApplication->run()
REQUEST_URI=/index.php?r=site/login
in /home/ori/www/eumk/htdocs/protected/components/UserIdentity.php (16)
in /home/ori/www/eumk/htdocs/protected/models/LoginForm.php (52)
in /home/ori/www/eumk/htdocs/protected/controllers/SiteController.php (88)
2010/12/02 16:04:25 [error] [system.db.CDbCommand] Error in querying SQL: SHOW COLUMNS FROM `dl1_users`
in /home/ori/www/eumk/yii/framework/gii/generators/model/ModelCode.php (139)
in /home/ori/www/eumk/yii/framework/gii/generators/model/ModelCode.php (115)
in /home/ori/www/eumk/yii/framework/gii/CCodeGenerator.php (155)
2010/12/02 16:47:12 [error] [php] include(text.php): failed to open stream: No such file or directory (/home/ori/www/eumk/yii/framework/YiiBase.php:395)
Stack trace:
#0 /home/ori/www/eumk/yii/framework/validators/CValidator.php(158): import()
#1 /home/ori/www/eumk/yii/framework/base/CModel.php(281): createValidator()
#2 /home/ori/www/eumk/yii/framework/base/CModel.php(255): Article->createValidators()
#3 /home/ori/www/eumk/yii/framework/base/CModel.php(546): Article->getValidators()
#4 /home/ori/www/eumk/yii/framework/base/CModel.php(465): Article->getSafeAttributeNames()
#5 /home/ori/www/eumk/yii/framework/base/CComponent.php(152): Article->setAttributes()
#6 /home/ori/www/eumk/yii/framework/db/ar/CActiveRecord.php(126): Article->__set()
#7 /home/ori/www/eumk/htdocs/protected/controllers/ArticleController.php(71): Article->__set()
#8 /home/ori/www/eumk/yii/framework/web/actions/CInlineAction.php(57): ArticleController->actionCreate()
#9 /home/ori/www/eumk/yii/framework/web/CController.php(300): CInlineAction->run()
#10 /home/ori/www/eumk/yii/framework/web/filters/CFilterChain.php(133): ArticleController->runAction()
#11 /home/ori/www/eumk/yii/framework/web/filters/CFilter.php(41): CFilterChain->run()
#12 /home/ori/www/eumk/yii/framework/web/CController.php(1084): CAccessControlFilter->filter()
#13 /home/ori/www/eumk/yii/framework/web/filters/CInlineFilter.php(59): ArticleController->filterAccessControl()
#14 /home/ori/www/eumk/yii/framework/web/filters/CFilterChain.php(130): CInlineFilter->filter()
#15 /home/ori/www/eumk/yii/framework/web/CController.php(283): CFilterChain->run()
#16 /home/ori/www/eumk/yii/framework/web/CController.php(257): ArticleController->runActionWithFilters()
#17 /home/ori/www/eumk/yii/framework/web/CWebApplication.php(324): ArticleController->run()
#18 /home/ori/www/eumk/yii/framework/web/CWebApplication.php(121): CWebApplication->runController()
#19 /home/ori/www/eumk/yii/framework/base/CApplication.php(135): CWebApplication->processRequest()
#20 /home/ori/www/eumk/htdocs/index.php(13): CWebApplication->run()
REQUEST_URI=/index.php?r=article/create
in /home/ori/www/eumk/htdocs/protected/controllers/ArticleController.php (71)
in /home/ori/www/eumk/htdocs/index.php (13)
2010/12/02 16:47:19 [error] [php] include(text.php): failed to open stream: No such file or directory (/home/ori/www/eumk/yii/framework/YiiBase.php:395)
Stack trace:
#0 /home/ori/www/eumk/yii/framework/validators/CValidator.php(158): import()
#1 /home/ori/www/eumk/yii/framework/base/CModel.php(281): createValidator()
#2 /home/ori/www/eumk/yii/framework/base/CModel.php(255): Article->createValidators()
#3 /home/ori/www/eumk/yii/framework/base/CModel.php(299): Article->getValidators()
#4 /home/ori/www/eumk/yii/framework/web/helpers/CHtml.php(1163): Article->isAttributeRequired()
#5 /home/ori/www/eumk/yii/framework/web/widgets/CActiveForm.php(464): activeLabelEx()
#6 /home/ori/www/eumk/htdocs/protected/views/article/_form.php(13): CActiveForm->labelEx()
#7 /home/ori/www/eumk/yii/framework/web/CBaseController.php(119): require()
#8 /home/ori/www/eumk/yii/framework/web/CBaseController.php(88): ArticleController->renderInternal()
#9 /home/ori/www/eumk/yii/framework/web/CController.php(833): ArticleController->renderFile()
#10 /home/ori/www/eumk/htdocs/protected/views/article/create.php(15): ArticleController->renderPartial()
#11 /home/ori/www/eumk/yii/framework/web/CBaseController.php(119): require()
#12 /home/ori/www/eumk/yii/framework/web/CBaseController.php(88): ArticleController->renderInternal()
#13 /home/ori/www/eumk/yii/framework/web/CController.php(833): ArticleController->renderFile()
#14 /home/ori/www/eumk/yii/framework/web/CController.php(746): ArticleController->renderPartial()
#15 /home/ori/www/eumk/htdocs/protected/controllers/ArticleController.php(78): ArticleController->render()
#16 /home/ori/www/eumk/yii/framework/web/actions/CInlineAction.php(57): ArticleController->actionCreate()
#17 /home/ori/www/eumk/yii/framework/web/CController.php(300): CInlineAction->run()
#18 /home/ori/www/eumk/yii/framework/web/filters/CFilterChain.php(133): ArticleController->runAction()
#19 /home/ori/www/eumk/yii/framework/web/filters/CFilter.php(41): CFilterChain->run()
#20 /home/ori/www/eumk/yii/framework/web/CController.php(1084): CAccessControlFilter->filter()
#21 /home/ori/www/eumk/yii/framework/web/filters/CInlineFilter.php(59): ArticleController->filterAccessControl()
#22 /home/ori/www/eumk/yii/framework/web/filters/CFilterChain.php(130): CInlineFilter->filter()
#23 /home/ori/www/eumk/yii/framework/web/CController.php(283): CFilterChain->run()
#24 /home/ori/www/eumk/yii/framework/web/CController.php(257): ArticleController->runActionWithFilters()
#25 /home/ori/www/eumk/yii/framework/web/CWebApplication.php(324): ArticleController->run()
#26 /home/ori/www/eumk/yii/framework/web/CWebApplication.php(121): CWebApplication->runController()
#27 /home/ori/www/eumk/yii/framework/base/CApplication.php(135): CWebApplication->processRequest()
#28 /home/ori/www/eumk/htdocs/index.php(13): CWebApplication->run()
REQUEST_URI=/index.php?r=article/create
in /home/ori/www/eumk/htdocs/protected/views/article/_form.php (13)
in /home/ori/www/eumk/htdocs/protected/views/article/create.php (15)
in /home/ori/www/eumk/htdocs/protected/controllers/ArticleController.php (78)
2010/12/02 16:47:24 [error] [php] include(text.php): failed to open stream: No such file or directory (/home/ori/www/eumk/yii/framework/YiiBase.php:395)
Stack trace:
#0 /home/ori/www/eumk/yii/framework/validators/CValidator.php(158): import()
#1 /home/ori/www/eumk/yii/framework/base/CModel.php(281): createValidator()
#2 /home/ori/www/eumk/yii/framework/base/CModel.php(255): Article->createValidators()
#3 /home/ori/www/eumk/yii/framework/web/helpers/CHtml.php(1732): Article->getValidators()
#4 /home/ori/www/eumk/yii/framework/web/helpers/CHtml.php(1183): activeInputField()
#5 /home/ori/www/eumk/yii/framework/web/widgets/CActiveForm.php(479): activeTextField()
#6 /home/ori/www/eumk/htdocs/protected/views/article/_search.php(10): CActiveForm->textField()
#7 /home/ori/www/eumk/yii/framework/web/CBaseController.php(119): require()
#8 /home/ori/www/eumk/yii/framework/web/CBaseController.php(88): ArticleController->renderInternal()
#9 /home/ori/www/eumk/yii/framework/web/CController.php(833): ArticleController->renderFile()
#10 /home/ori/www/eumk/htdocs/protected/views/article/admin.php(37): ArticleController->renderPartial()
#11 /home/ori/www/eumk/yii/framework/web/CBaseController.php(119): require()
#12 /home/ori/www/eumk/yii/framework/web/CBaseController.php(88): ArticleController->renderInternal()
#13 /home/ori/www/eumk/yii/framework/web/CController.php(833): ArticleController->renderFile()
#14 /home/ori/www/eumk/yii/framework/web/CController.php(746): ArticleController->renderPartial()
#15 /home/ori/www/eumk/htdocs/protected/controllers/ArticleController.php(148): ArticleController->render()
#16 /home/ori/www/eumk/yii/framework/web/actions/CInlineAction.php(57): ArticleController->actionAdmin()
#17 /home/ori/www/eumk/yii/framework/web/CController.php(300): CInlineAction->run()
#18 /home/ori/www/eumk/yii/framework/web/filters/CFilterChain.php(133): ArticleController->runAction()
#19 /home/ori/www/eumk/yii/framework/web/filters/CFilter.php(41): CFilterChain->run()
#20 /home/ori/www/eumk/yii/framework/web/CController.php(1084): CAccessControlFilter->filter()
#21 /home/ori/www/eumk/yii/framework/web/filters/CInlineFilter.php(59): ArticleController->filterAccessControl()
#22 /home/ori/www/eumk/yii/framework/web/filters/CFilterChain.php(130): CInlineFilter->filter()
#23 /home/ori/www/eumk/yii/framework/web/CController.php(283): CFilterChain->run()
#24 /home/ori/www/eumk/yii/framework/web/CController.php(257): ArticleController->runActionWithFilters()
#25 /home/ori/www/eumk/yii/framework/web/CWebApplication.php(324): ArticleController->run()
#26 /home/ori/www/eumk/yii/framework/web/CWebApplication.php(121): CWebApplication->runController()
#27 /home/ori/www/eumk/yii/framework/base/CApplication.php(135): CWebApplication->processRequest()
#28 /home/ori/www/eumk/htdocs/index.php(13): CWebApplication->run()
REQUEST_URI=/index.php?r=article/admin
in /home/ori/www/eumk/htdocs/protected/views/article/_search.php (10)
in /home/ori/www/eumk/htdocs/protected/views/article/admin.php (37)
in /home/ori/www/eumk/htdocs/protected/controllers/ArticleController.php (148)
2010/12/02 22:28:30 [error] [system.db.CDbCommand] Error in executing SQL: INSERT INTO `db1_article` (`content_id`, `title`, `text`) VALUES (:yp0, :yp1, :yp2)
in /home/ori/www/eumk/htdocs/protected/controllers/ArticleController.php (72)
in /home/ori/www/eumk/htdocs/index.php (13)
2010/12/02 22:28:30 [error] [exception.CDbException] exception 'CDbException' with message 'CDbCommand failed to execute the SQL statement: SQLSTATE[23000]: Integrity constraint violation: 1452 Cannot add or update a child row: a foreign key constraint fails (`eumk`.`db1_article`, CONSTRAINT `FK_content_id` FOREIGN KEY (`content_id`) REFERENCES `db1_contents` (`id`))' in /home/ori/www/eumk/yii/framework/db/CDbCommand.php:256
Stack trace:
#0 /home/ori/www/eumk/yii/framework/db/ar/CActiveRecord.php(1000): CDbCommand->execute()
#1 /home/ori/www/eumk/yii/framework/db/ar/CActiveRecord.php(764): CActiveRecord->insert(NULL)
#2 /home/ori/www/eumk/htdocs/protected/controllers/ArticleController.php(72): CActiveRecord->save()
#3 /home/ori/www/eumk/yii/framework/web/actions/CInlineAction.php(57): ArticleController->actionCreate()
#4 /home/ori/www/eumk/yii/framework/web/CController.php(300): CInlineAction->run()
#5 /home/ori/www/eumk/yii/framework/web/filters/CFilterChain.php(133): CController->runAction(Object(CInlineAction))
#6 /home/ori/www/eumk/yii/framework/web/filters/CFilter.php(41): CFilterChain->run()
#7 /home/ori/www/eumk/yii/framework/web/CController.php(1084): CFilter->filter(Object(CFilterChain))
#8 /home/ori/www/eumk/yii/framework/web/filters/CInlineFilter.php(59): CController->filterAccessControl(Object(CFilterChain))
#9 /home/ori/www/eumk/yii/framework/web/filters/CFilterChain.php(130): CInlineFilter->filter(Object(CFilterChain))
#10 /home/ori/www/eumk/yii/framework/web/CController.php(283): CFilterChain->run()
#11 /home/ori/www/eumk/yii/framework/web/CController.php(257): CController->runActionWithFilters(Object(CInlineAction), Array)
#12 /home/ori/www/eumk/yii/framework/web/CWebApplication.php(324): CController->run('create')
#13 /home/ori/www/eumk/yii/framework/web/CWebApplication.php(121): CWebApplication->runController('article/create')
#14 /home/ori/www/eumk/yii/framework/base/CApplication.php(135): CWebApplication->processRequest()
#15 /home/ori/www/eumk/htdocs/index.php(13): CApplication->run()
#16 {main} REQUEST_URI=/index.php?r=article/create
2010/12/02 22:48:00 [error] [exception.CException] exception 'CException' with message 'Property "CActiveForm.comboBox" is not defined.' in /home/ori/www/eumk/yii/framework/base/CComponent.php:131
Stack trace:
#0 /home/ori/www/eumk/yii/framework/base/CComponent.php(264): CComponent->__get('comboBox')
#1 /home/ori/www/eumk/htdocs/protected/views/article/_form.php(21): CComponent->__call('comboBox', Array)
#2 /home/ori/www/eumk/htdocs/protected/views/article/_form.php(21): CActiveForm->comboBox(Object(Article), 'title')
#3 /home/ori/www/eumk/yii/framework/web/CBaseController.php(119): require('/home/ori/www/e...')
#4 /home/ori/www/eumk/yii/framework/web/CBaseController.php(88): CBaseController->renderInternal('/home/ori/www/e...', Array, true)
#5 /home/ori/www/eumk/yii/framework/web/CController.php(833): CBaseController->renderFile('/home/ori/www/e...', Array, true)
#6 /home/ori/www/eumk/htdocs/protected/views/article/create.php(15): CController->renderPartial('_form', Array)
#7 /home/ori/www/eumk/yii/framework/web/CBaseController.php(119): require('/home/ori/www/e...')
#8 /home/ori/www/eumk/yii/framework/web/CBaseController.php(88): CBaseController->renderInternal('/home/ori/www/e...', Array, true)
#9 /home/ori/www/eumk/yii/framework/web/CController.php(833): CBaseController->renderFile('/home/ori/www/e...', Array, true)
#10 /home/ori/www/eumk/yii/framework/web/CController.php(746): CController->renderPartial('create', Array, true)
#11 /home/ori/www/eumk/htdocs/protected/controllers/ArticleController.php(78): CController->render('create', Array)
#12 /home/ori/www/eumk/yii/framework/web/actions/CInlineAction.php(57): ArticleController->actionCreate()
#13 /home/ori/www/eumk/yii/framework/web/CController.php(300): CInlineAction->run()
#14 /home/ori/www/eumk/yii/framework/web/filters/CFilterChain.php(133): CController->runAction(Object(CInlineAction))
#15 /home/ori/www/eumk/yii/framework/web/filters/CFilter.php(41): CFilterChain->run()
#16 /home/ori/www/eumk/yii/framework/web/CController.php(1084): CFilter->filter(Object(CFilterChain))
#17 /home/ori/www/eumk/yii/framework/web/filters/CInlineFilter.php(59): CController->filterAccessControl(Object(CFilterChain))
#18 /home/ori/www/eumk/yii/framework/web/filters/CFilterChain.php(130): CInlineFilter->filter(Object(CFilterChain))
#19 /home/ori/www/eumk/yii/framework/web/CController.php(283): CFilterChain->run()
#20 /home/ori/www/eumk/yii/framework/web/CController.php(257): CController->runActionWithFilters(Object(CInlineAction), Array)
#21 /home/ori/www/eumk/yii/framework/web/CWebApplication.php(324): CController->run('create')
#22 /home/ori/www/eumk/yii/framework/web/CWebApplication.php(121): CWebApplication->runController('article/create')
#23 /home/ori/www/eumk/yii/framework/base/CApplication.php(135): CWebApplication->processRequest()
#24 /home/ori/www/eumk/htdocs/index.php(13): CApplication->run()
#25 {main} REQUEST_URI=/index.php?r=article/create
